This file contains any messages produced by compilers while
running configure, to aid debugging if configure makes a mistake.

It was created by configure, which was
generated by GNU Autoconf 2.61.  Invocation command line was

  $ ./configure --prefix /home/yipeng/Desktop/multijoin/libconfig-1.2/../dist CFLAGS=-m64 -O3 CXXFLAGS=-m64 -O3 --no-create --no-recursion

## --------- ##
## Platform. ##
## --------- ##

hostname = yipeng-laptop
uname -m = x86_64
uname -r = 2.6.32-31-generic
uname -s = Linux
uname -v = #61-Ubuntu SMP Fri Apr 8 18:25:51 UTC 2011

/usr/bin/uname -p = unknown
/bin/uname -X     = unknown

/bin/arch              = unknown
/usr/bin/arch -k       = unknown
/usr/convex/getsysinfo = unknown
/usr/bin/hostinfo      = unknown
/bin/machine           = unknown
/usr/bin/oslevel       = unknown
/bin/universe          = unknown

PATH: /home/yipeng/src/postgres-9.0.1
PATH: /home/yipeng/src/pig-0.6.0/bin
PATH: /home/yipeng/workspace/hadoop_relative/bin
PATH: /usr/lib/jvm/java-6-openjdk/jre/bin
PATH: /usr/local/sbin
PATH: /usr/local/bin
PATH: /usr/sbin
PATH: /usr/bin
PATH: /sbin
PATH: /bin
PATH: /usr/games
PATH: /usr/share/ant/bin


## ----------- ##
## Core tests. ##
## ----------- ##

configure:1984: checking for a BSD-compatible install
configure:2040: result: /usr/bin/install -c
configure:2051: checking whether build environment is sane
configure:2094: result: yes
configure:2122: checking for a thread-safe mkdir -p
configure:2161: result: /bin/mkdir -p
configure:2174: checking for gawk
configure:2190: found /usr/bin/gawk
configure:2201: result: gawk
configure:2212: checking whether make sets $(MAKE)
configure:2233: result: yes
configure:2472: checking for gcc
configure:2488: found /usr/bin/gcc
configure:2499: result: gcc
configure:2737: checking for C compiler version
configure:2744: gcc --version >&5
gcc (Ubuntu 4.4.3-4ubuntu5) 4.4.3
Copyright (C) 2009 Free Software Foundation, Inc.
This is free software; see the source for copying conditions.  There is NO
warranty; not even for MERCHANTABILITY or FITNESS FOR A PARTICULAR PURPOSE.

configure:2747: $? = 0
configure:2754: gcc -v >&5
Using built-in specs.
Target: x86_64-linux-gnu
Configured with: ../src/configure -v --with-pkgversion='Ubuntu 4.4.3-4ubuntu5' --with-bugurl=file:///usr/share/doc/gcc-4.4/README.Bugs --enable-languages=c,c++,fortran,objc,obj-c++ --prefix=/usr --enable-shared --enable-multiarch --enable-linker-build-id --with-system-zlib --libexecdir=/usr/lib --without-included-gettext --enable-threads=posix --with-gxx-include-dir=/usr/include/c++/4.4 --program-suffix=-4.4 --enable-nls --enable-clocale=gnu --enable-libstdcxx-debug --enable-plugin --enable-objc-gc --disable-werror --with-arch-32=i486 --with-tune=generic --enable-checking=release --build=x86_64-linux-gnu --host=x86_64-linux-gnu --target=x86_64-linux-gnu
Thread model: posix
gcc version 4.4.3 (Ubuntu 4.4.3-4ubuntu5) 
configure:2757: $? = 0
configure:2764: gcc -V >&5
gcc: '-V' option must have argument
configure:2767: $? = 1
configure:2790: checking for C compiler default output file name
configure:2817: gcc -m64 -O3   conftest.c  >&5
configure:2820: $? = 0
configure:2858: result: a.out
configure:2875: checking whether the C compiler works
configure:2885: ./a.out
configure:2888: $? = 0
configure:2905: result: yes
configure:2912: checking whether we are cross compiling
configure:2914: result: no
configure:2917: checking for suffix of executables
configure:2924: gcc -o conftest -m64 -O3   conftest.c  >&5
configure:2927: $? = 0
configure:2951: result: 
configure:2957: checking for suffix of object files
configure:2983: gcc -c -m64 -O3  conftest.c >&5
configure:2986: $? = 0
configure:3009: result: o
configure:3013: checking whether we are using the GNU C compiler
configure:3042: gcc -c -m64 -O3  conftest.c >&5
configure:3048: $? = 0
configure:3065: result: yes
configure:3070: checking whether gcc accepts -g
configure:3100: gcc -c -g  conftest.c >&5
configure:3106: $? = 0
configure:3205: result: yes
configure:3222: checking for gcc option to accept ISO C89
configure:3296: gcc  -c -m64 -O3  conftest.c >&5
configure:3302: $? = 0
configure:3325: result: none needed
configure:3354: checking for style of include used by make
configure:3382: result: GNU
configure:3407: checking dependency style of gcc
configure:3498: result: gcc3
configure:3556: checking for ranlib
configure:3572: found /usr/bin/ranlib
configure:3583: result: ranlib
configure:3689: checking build system type
configure:3707: result: x86_64-unknown-linux-gnu
configure:3729: checking host system type
configure:3744: result: x86_64-unknown-linux-gnu
configure:3766: checking for a sed that does not truncate output
configure:3822: result: /bin/sed
configure:3825: checking for grep that handles long lines and -e
configure:3899: result: /bin/grep
configure:3904: checking for egrep
configure:3982: result: /bin/grep -E
configure:3998: checking for ld used by gcc
configure:4065: result: /usr/bin/ld
configure:4074: checking if the linker (/usr/bin/ld) is GNU ld
configure:4089: result: yes
configure:4094: checking for /usr/bin/ld option to reload object files
configure:4101: result: -r
configure:4119: checking for BSD-compatible nm
configure:4168: result: /usr/bin/nm -B
configure:4172: checking whether ln -s works
configure:4176: result: yes
configure:4183: checking how to recognize dependent libraries
configure:4369: result: pass_all
configure:4458: gcc -c -m64 -O3  conftest.c >&5
configure:4461: $? = 0
configure:4900: checking how to run the C preprocessor
configure:4940: gcc -E  conftest.c
configure:4946: $? = 0
configure:4977: gcc -E  conftest.c
conftest.c:10:28: error: ac_nonexistent.h: No such file or directory
configure:4983: $? = 1
configure: failed program was:
| /* confdefs.h.  */
| #define PACKAGE_NAME ""
| #define PACKAGE_TARNAME ""
| #define PACKAGE_VERSION ""
| #define PACKAGE_STRING ""
| #define PACKAGE_BUGREPORT ""
| #define PACKAGE "libconfig"
| #define VERSION "1.2"
| /* end confdefs.h.  */
| #include <ac_nonexistent.h>
configure:5016: result: gcc -E
configure:5045: gcc -E  conftest.c
configure:5051: $? = 0
configure:5082: gcc -E  conftest.c
conftest.c:10:28: error: ac_nonexistent.h: No such file or directory
configure:5088: $? = 1
configure: failed program was:
| /* confdefs.h.  */
| #define PACKAGE_NAME ""
| #define PACKAGE_TARNAME ""
| #define PACKAGE_VERSION ""
| #define PACKAGE_STRING ""
| #define PACKAGE_BUGREPORT ""
| #define PACKAGE "libconfig"
| #define VERSION "1.2"
| /* end confdefs.h.  */
| #include <ac_nonexistent.h>
configure:5126: checking for ANSI C header files
configure:5156: gcc -c -m64 -O3  conftest.c >&5
configure:5162: $? = 0
configure:5261: gcc -o conftest -m64 -O3   conftest.c  >&5
configure:5264: $? = 0
configure:5270: ./conftest
configure:5273: $? = 0
configure:5290: result: yes
configure:5314: checking for sys/types.h
configure:5335: gcc -c -m64 -O3  conftest.c >&5
configure:5341: $? = 0
configure:5357: result: yes
configure:5314: checking for sys/stat.h
configure:5335: gcc -c -m64 -O3  conftest.c >&5
configure:5341: $? = 0
configure:5357: result: yes
configure:5314: checking for stdlib.h
configure:5335: gcc -c -m64 -O3  conftest.c >&5
configure:5341: $? = 0
configure:5357: result: yes
configure:5314: checking for string.h
configure:5335: gcc -c -m64 -O3  conftest.c >&5
configure:5341: $? = 0
configure:5357: result: yes
configure:5314: checking for memory.h
configure:5335: gcc -c -m64 -O3  conftest.c >&5

## ---------------- ##
## Cache variables. ##
## ---------------- ##

ac_cv_build=x86_64-unknown-linux-gnu
ac_cv_c_compiler_gnu=yes
ac_cv_env_CCC_set=
ac_cv_env_CCC_value=
ac_cv_env_CC_set=
ac_cv_env_CC_value=
ac_cv_env_CFLAGS_set=set
ac_cv_env_CFLAGS_value='-m64 -O3'
ac_cv_env_CPPFLAGS_set=
ac_cv_env_CPPFLAGS_value=
ac_cv_env_CPP_set=
ac_cv_env_CPP_value=
ac_cv_env_CXXCPP_set=
ac_cv_env_CXXCPP_value=
ac_cv_env_CXXFLAGS_set=set
ac_cv_env_CXXFLAGS_value='-m64 -O3'
ac_cv_env_CXX_set=
ac_cv_env_CXX_value=
ac_cv_env_F77_set=
ac_cv_env_F77_value=
ac_cv_env_FFLAGS_set=
ac_cv_env_FFLAGS_value=
ac_cv_env_LDFLAGS_set=
ac_cv_env_LDFLAGS_value=
ac_cv_env_LIBS_set=
ac_cv_env_LIBS_value=
ac_cv_env_YACC_set=
ac_cv_env_YACC_value=
ac_cv_env_YFLAGS_set=
ac_cv_env_YFLAGS_value=
ac_cv_env_build_alias_set=
ac_cv_env_build_alias_value=
ac_cv_env_host_alias_set=
ac_cv_env_host_alias_value=
ac_cv_env_target_alias_set=
ac_cv_env_target_alias_value=
ac_cv_header_stdc=yes
ac_cv_header_stdlib_h=yes
ac_cv_header_string_h=yes
ac_cv_header_sys_stat_h=yes
ac_cv_header_sys_types_h=yes
ac_cv_host=x86_64-unknown-linux-gnu
ac_cv_objext=o
ac_cv_path_EGREP='/bin/grep -E'
ac_cv_path_GREP=/bin/grep
ac_cv_path_install='/usr/bin/install -c'
ac_cv_path_mkdir=/bin/mkdir
ac_cv_prog_AWK=gawk
ac_cv_prog_CPP='gcc -E'
ac_cv_prog_ac_ct_CC=gcc
ac_cv_prog_ac_ct_RANLIB=ranlib
ac_cv_prog_cc_c89=
ac_cv_prog_cc_g=yes
ac_cv_prog_make_make_set=yes
am_cv_CC_dependencies_compiler_type=gcc3
lt_cv_deplibs_check_method=pass_all
lt_cv_file_magic_cmd='$MAGIC_CMD'
lt_cv_file_magic_test_file=
lt_cv_ld_reload_flag=-r
lt_cv_path_LD=/usr/bin/ld
lt_cv_path_NM='/usr/bin/nm -B'
lt_cv_path_SED=/bin/sed
lt_cv_prog_gnu_ld=yes

## ----------------- ##
## Output variables. ##
## ----------------- ##

ACLOCAL='${SHELL} /home/yipeng/Desktop/multijoin/libconfig-1.2/missing --run aclocal-1.10'
AMDEPBACKSLASH='\'
AMDEP_FALSE='#'
AMDEP_TRUE=''
AMTAR='${SHELL} /home/yipeng/Desktop/multijoin/libconfig-1.2/missing --run tar'
AR=''
AS=''
AUTOCONF='${SHELL} /home/yipeng/Desktop/multijoin/libconfig-1.2/missing --run autoconf'
AUTOHEADER='${SHELL} /home/yipeng/Desktop/multijoin/libconfig-1.2/missing --run autoheader'
AUTOMAKE='${SHELL} /home/yipeng/Desktop/multijoin/libconfig-1.2/missing --run automake-1.10'
AWK='gawk'
BUILDCXX_FALSE=''
BUILDCXX_TRUE=''
CC='gcc'
CCDEPMODE='depmode=gcc3'
CFLAGS='-m64 -O3'
CPP='gcc -E'
CPPFLAGS=''
CXX=''
CXXCPP=''
CXXDEPMODE=''
CXXFLAGS='-m64 -O3'
CYGPATH_W='echo'
DEFS=''
DEPDIR='.deps'
DLLTOOL=''
ECHO='echo'
ECHO_C=''
ECHO_N='-n'
ECHO_T=''
EGREP='/bin/grep -E'
EXEEXT=''
F77=''
FFLAGS=''
GREP='/bin/grep'
INSTALL_DATA='${INSTALL} -m 644'
INSTALL_PROGRAM='${INSTALL}'
INSTALL_SCRIPT='${INSTALL}'
INSTALL_STRIP_PROGRAM='$(install_sh) -c -s'
LDFLAGS=''
LEX=''
LEXLIB=''
LEX_OUTPUT_ROOT=''
LIBOBJS=''
LIBS=''
LIBTOOL=''
LN_S='ln -s'
LTLIBOBJS=''
MAKEINFO='${SHELL} /home/yipeng/Desktop/multijoin/libconfig-1.2/missing --run makeinfo'
OBJDUMP=''
OBJEXT='o'
PACKAGE='libconfig'
PACKAGE_BUGREPORT=''
PACKAGE_NAME=''
PACKAGE_STRING=''
PACKAGE_TARNAME=''
PACKAGE_VERSION=''
PATH_SEPARATOR=':'
RANLIB='ranlib'
SED='/bin/sed'
SET_MAKE=''
SHELL='/bin/bash'
STRIP=''
VERSION='1.2'
YACC=''
YFLAGS=''
ac_ct_CC='gcc'
ac_ct_CXX=''
ac_ct_F77=''
am__fastdepCC_FALSE='#'
am__fastdepCC_TRUE=''
am__fastdepCXX_FALSE=''
am__fastdepCXX_TRUE=''
am__include='include'
am__isrc=''
am__leading_dot='.'
am__quote=''
am__tar='${AMTAR} chof - "$$tardir"'
am__untar='${AMTAR} xf -'
bindir='${exec_prefix}/bin'
build='x86_64-unknown-linux-gnu'
build_alias=''
build_cpu='x86_64'
build_os='linux-gnu'
build_vendor='unknown'
datadir='${datarootdir}'
datarootdir='${prefix}/share'
docdir='${datarootdir}/doc/${PACKAGE}'
dvidir='${docdir}'
exec_prefix='NONE'
host='x86_64-unknown-linux-gnu'
host_alias=''
host_cpu='x86_64'
host_os='linux-gnu'
host_vendor='unknown'
htmldir='${docdir}'
includedir='${prefix}/include'
infodir='${datarootdir}/info'
install_sh='$(SHELL) /home/yipeng/Desktop/multijoin/libconfig-1.2/install-sh'
libdir='${exec_prefix}/lib'
libexecdir='${exec_prefix}/libexec'
localedir='${datarootdir}/locale'
localstatedir='${prefix}/var'
mandir='${datarootdir}/man'
mkdir_p='/bin/mkdir -p'
oldincludedir='/usr/include'
pdfdir='${docdir}'
prefix='/home/yipeng/Desktop/multijoin/libconfig-1.2/../dist'
program_transform_name='s,x,x,'
psdir='${docdir}'
sbindir='${exec_prefix}/sbin'
sharedstatedir='${prefix}/com'
sysconfdir='${prefix}/etc'
target_alias=''

## ----------- ##
## confdefs.h. ##
## ----------- ##

#define PACKAGE_NAME ""
#define PACKAGE_TARNAME ""
#define PACKAGE_VERSION ""
#define PACKAGE_STRING ""
#define PACKAGE_BUGREPORT ""
#define PACKAGE "libconfig"
#define VERSION "1.2"
#define STDC_HEADERS 1
#define HAVE_SYS_TYPES_H 1
#define HAVE_SYS_STAT_H 1
#define HAVE_STDLIB_H 1
#define HAVE_STRING_H 1

configure: caught signal 2
configure: exit 1
